<?xml version="1.0" encoding="UTF-8"?>
<!-- Generated by org.testng.reporters.JUnitXMLReporter -->
<testsuite hostname="naveens-mbp-2" name="Chrome Test" tests="1" failures="1" timestamp="2 Jun 2019 14:13:23 GMT" time="0.128" errors="0">
  <testcase name="openBrowser" time="0.123" classname="Inscale.Multi_Browser">
    <failure type="java.lang.IllegalStateException" message="The driver is not executable: /Users/naveen514/Documents/workspace/INSCLAE/browsers/chromedriver">
      <![CDATA[java.lang.IllegalStateException: The driver is not executable: /Users/naveen514/Documents/workspace/INSCLAE/browsers/chromedriver
	at com.google.common.base.Preconditions.checkState(Preconditions.java:199)
	at org.openqa.selenium.remote.service.DriverService.checkExecutable(DriverService.java:125)
	at org.openqa.selenium.remote.service.DriverService.findExecutable(DriverService.java:116)
	at org.openqa.selenium.chrome.ChromeDriverService.access$0(ChromeDriverService.java:1)
	at org.openqa.selenium.chrome.ChromeDriverService$Builder.findDefaultExecutable(ChromeDriverService.java:137)
	at org.openqa.selenium.remote.service.DriverService$Builder.build(DriverService.java:296)
	at org.openqa.selenium.chrome.ChromeDriverService.createDefaultService(ChromeDriverService.java:88)
	at org.openqa.selenium.chrome.ChromeDriver.<init>(ChromeDriver.java:116)
	at Inscale.Multi_Browser.openBrowser(Multi_Browser.java:33)
	at java.util.concurrent.ThreadPoolExecutor.runWorker(ThreadPoolExecutor.java:1142)
	at java.util.concurrent.ThreadPoolExecutor$Worker.run(ThreadPoolExecutor.java:617)
	at java.lang.Thread.run(Thread.java:745)
... Removed 10 stack frames]]>
    </failure>
  </testcase> <!-- openBrowser -->
</testsuite> <!-- Chrome Test -->
