<?xml version="1.0" encoding="UTF-8"?>
<testng-results skipped="1" failed="5" total="6" passed="0">
  <reporter-output>
  </reporter-output>
  <suite name="Inscale_Browser" duration-ms="61026" started-at="2019-06-02T14:12:33Z" finished-at="2019-06-02T14:13:34Z">
    <groups>
    </groups>
    <test name="Inscale" duration-ms="160" started-at="2019-06-02T14:12:33Z" finished-at="2019-06-02T14:12:34Z">
      <class name="Inscale.Multi_Browser">
        <test-method status="SKIP" signature="openBrowser(java.lang.String)[pri:0, instance:Inscale.Multi_Browser@2669b199]" name="openBrowser" duration-ms="0" started-at="2019-06-02T22:12:33Z" finished-at="2019-06-02T22:12:33Z">
          <exception class="org.testng.TestNGException">
            <message>
              <![CDATA[
Parameter 'browser' is required by @Test on method openBrowser but has not been marked @Optional or defined
in /Users/naveen514/Documents/workspace/INSCLAE/Inscale.xml]]>
            </message>
            <full-stacktrace>
              <![CDATA[org.testng.TestNGException: 
Parameter 'browser' is required by @Test on method openBrowser but has not been marked @Optional or defined
in /Users/naveen514/Documents/workspace/INSCLAE/Inscale.xml
	at org.testng.internal.Parameters.createParameters(Parameters.java:154)
	at org.testng.internal.Parameters.createParameters(Parameters.java:361)
	at org.testng.internal.Parameters.handleParameters(Parameters.java:451)
	at org.testng.internal.Invoker.handleParameters(Invoker.java:1270)
	at org.testng.internal.Invoker.createParameters(Invoker.java:985)
	at org.testng.internal.Invoker.invokeTestMethods(Invoker.java:1075)
	at org.testng.internal.TestMethodWorker.invokeTestMethods(TestMethodWorker.java:125)
	at org.testng.internal.TestMethodWorker.run(TestMethodWorker.java:108)
	at java.util.concurrent.ThreadPoolExecutor.runWorker(ThreadPoolExecutor.java:1142)
	at java.util.concurrent.ThreadPoolExecutor$Worker.run(ThreadPoolExecutor.java:617)
	at java.lang.Thread.run(Thread.java:745)
]]>
            </full-stacktrace>
          </exception> <!-- org.testng.TestNGException -->
          <reporter-output>
          </reporter-output>
        </test-method> <!-- openBrowser -->
      </class> <!-- Inscale.Multi_Browser -->
    </test> <!-- Inscale -->
    <test name="Firefox Test" duration-ms="48991" started-at="2019-06-02T14:12:34Z" finished-at="2019-06-02T14:13:23Z">
      <class name="Inscale.Multi_Browser">
        <test-method status="FAIL" signature="openBrowser(java.lang.String)[pri:0, instance:Inscale.Multi_Browser@23ceabc1]" name="openBrowser" duration-ms="48934" started-at="2019-06-02T22:12:34Z" finished-at="2019-06-02T22:13:23Z">
          <params>
            <param index="0">
              <value>
                <![CDATA[firefox]]>
              </value>
            </param>
          </params>
          <exception class="org.openqa.selenium.WebDriverException">
            <message>
              <![CDATA[Failed to connect to binary FirefoxBinary(/Applications/Firefox.app/Contents/MacOS/firefox-bin) on port 7055; process output follows: 
ader":null,"updateURL":null,"optionsURL":null,"optionsType":null,"optionsBrowserStyle":true,"aboutURL":null,"defaultLocale":{"name":"Web Compat","description":"Urgent post-release fixes for web compatibility.","creator":null,"developers":null,"translators":null,"contributors":null},"visible":true,"active":true,"userDisabled":false,"appDisabled":false,"installDate":1558048439000,"updateDate":1558048439000,"applyBackgroundUpdates":1,"path":"/Applications/Firefox.app/Contents/Resources/browser/features/webcompat@mozilla.org.xpi","skinnable":false,"sourceURI":null,"releaseNotesURI":null,"softDisabled":false,"foreignInstall":false,"strictCompatibility":true,"locales":[],"targetApplications":[{"id":"toolkit@mozilla.org","minVersion":"59.0b5","maxVersion":null}],"targetPlatforms":[],"seen":true,"dependencies":[],"incognito":"spanning","userPermissions":{"permissions":["webRequest","webRequestBlocking"],"origins":["<all_urls>"]},"icons":{},"iconURL":null,"blocklistState":0,"blocklistURL":null,"startupData":null,"hidden":true,"installTelemetryInfo":null,"rootURI":"jar:file:///Applications/Firefox.app/Contents/Resources/browser/features/webcompat@mozilla.org.xpi!/","location":"app-system-defaults"}
1559484765374	addons.xpi-utils	DEBUG	Updating add-on states
1559484765374	addons.xpi-utils	DEBUG	Error: Synchronously loading the add-ons database(resource://gre/modules/addons/XPIDatabase.jsm:1310:15) JS Stack trace: syncLoadDB@XPIDatabase.jsm:1310:15
startup@XPIProvider.jsm:2242:23
callProvider@AddonManager.jsm:204:31
_startProvider@AddonManager.jsm:655:5
startup@AddonManager.jsm:811:14
startup@AddonManager.jsm:2804:26
observe@addonManager.js:65:29
1559484765390	addons.xpi	DEBUG	Calling bootstrap method startup on formautofill@mozilla.org version 1.0
1559484765412	addons.xpi	DEBUG	Calling bootstrap method startup on fxmonitor@mozilla.org version 3.0
1559484765413	addons.xpi	DEBUG	Calling bootstrap method startup on screenshots@mozilla.org version 37.1.0
1559484765414	addons.xpi	DEBUG	Calling bootstrap method startup on webcompat@mozilla.org version 4.0.0
1559484765417	addons.manager	DEBUG	Registering shutdown blocker for XPIProvider
1559484765417	addons.manager	DEBUG	Provider finished startup: XPIProvider
1559484765417	addons.manager	DEBUG	Starting provider: LightweightThemeManager
1559484765417	addons.manager	DEBUG	Registering shutdown blocker for LightweightThemeManager
1559484765418	addons.manager	DEBUG	Provider finished startup: LightweightThemeManager
1559484765418	addons.manager	DEBUG	Starting provider: GMPProvider
1559484765437	addons.manager	DEBUG	Registering shutdown blocker for GMPProvider
1559484765438	addons.manager	DEBUG	Provider finished startup: GMPProvider
1559484765438	addons.manager	DEBUG	Starting provider: PluginProvider
1559484765438	addons.manager	DEBUG	Registering shutdown blocker for PluginProvider
1559484765438	addons.manager	DEBUG	Provider finished startup: PluginProvider
1559484765502	addons.manager	DEBUG	Completed startup sequence
1559484770255	addons.repository	DEBUG	No addons.json found.
1559484790807	addons.manager	DEBUG	Registering upgrade listener for formautofill@mozilla.org
1559484791846	addons.xpi	DEBUG	Ignoring file: name is not a valid add-on ID: /var/folders/zd/1jjypqsj545c4kqlxjgpvcqm0000gn/T/anonymous1681484531457380864webdriver-profile/extensions/webdriver-staging
1559484791847	addons.xpi	DEBUG	Existing add-on formautofill@mozilla.org in app-system-defaults
1559484791848	addons.xpi	DEBUG	Existing add-on fxmonitor@mozilla.org in app-system-defaults
1559484791848	addons.xpi	DEBUG	Existing add-on screenshots@mozilla.org in app-system-defaults
1559484791849	addons.xpi	DEBUG	Existing add-on webcompat-reporter@mozilla.org in app-system-defaults
1559484791849	addons.xpi	DEBUG	Existing add-on webcompat@mozilla.org in app-system-defaults
1559484791850	addons.xpi	DEBUG	scanForChanges changed: false, state: {}
JavaScript error: resource://gre/modules/addons/XPIProvider.jsm, line 2706: TypeError: addon is null
1559484797175	addons.xpi-utils	DEBUG	XPI Database saved, setting schema version preference to 31

Build info: version: '2.53.0', revision: '35ae25b', time: '2016-03-15 17:00:58'
System info: host: 'naveens-mbp-2', ip: '127.0.0.1', os.name: 'Mac OS X', os.arch: 'x86_64', os.version: '10.13.3', java.version: '1.8.0_91'
Driver info: driver.version: FirefoxDriver]]>
            </message>
            <full-stacktrace>
              <![CDATA[org.openqa.selenium.WebDriverException: Failed to connect to binary FirefoxBinary(/Applications/Firefox.app/Contents/MacOS/firefox-bin) on port 7055; process output follows: 
ader":null,"updateURL":null,"optionsURL":null,"optionsType":null,"optionsBrowserStyle":true,"aboutURL":null,"defaultLocale":{"name":"Web Compat","description":"Urgent post-release fixes for web compatibility.","creator":null,"developers":null,"translators":null,"contributors":null},"visible":true,"active":true,"userDisabled":false,"appDisabled":false,"installDate":1558048439000,"updateDate":1558048439000,"applyBackgroundUpdates":1,"path":"/Applications/Firefox.app/Contents/Resources/browser/features/webcompat@mozilla.org.xpi","skinnable":false,"sourceURI":null,"releaseNotesURI":null,"softDisabled":false,"foreignInstall":false,"strictCompatibility":true,"locales":[],"targetApplications":[{"id":"toolkit@mozilla.org","minVersion":"59.0b5","maxVersion":null}],"targetPlatforms":[],"seen":true,"dependencies":[],"incognito":"spanning","userPermissions":{"permissions":["webRequest","webRequestBlocking"],"origins":["<all_urls>"]},"icons":{},"iconURL":null,"blocklistState":0,"blocklistURL":null,"startupData":null,"hidden":true,"installTelemetryInfo":null,"rootURI":"jar:file:///Applications/Firefox.app/Contents/Resources/browser/features/webcompat@mozilla.org.xpi!/","location":"app-system-defaults"}
1559484765374	addons.xpi-utils	DEBUG	Updating add-on states
1559484765374	addons.xpi-utils	DEBUG	Error: Synchronously loading the add-ons database(resource://gre/modules/addons/XPIDatabase.jsm:1310:15) JS Stack trace: syncLoadDB@XPIDatabase.jsm:1310:15
startup@XPIProvider.jsm:2242:23
callProvider@AddonManager.jsm:204:31
_startProvider@AddonManager.jsm:655:5
startup@AddonManager.jsm:811:14
startup@AddonManager.jsm:2804:26
observe@addonManager.js:65:29
1559484765390	addons.xpi	DEBUG	Calling bootstrap method startup on formautofill@mozilla.org version 1.0
1559484765412	addons.xpi	DEBUG	Calling bootstrap method startup on fxmonitor@mozilla.org version 3.0
1559484765413	addons.xpi	DEBUG	Calling bootstrap method startup on screenshots@mozilla.org version 37.1.0
1559484765414	addons.xpi	DEBUG	Calling bootstrap method startup on webcompat@mozilla.org version 4.0.0
1559484765417	addons.manager	DEBUG	Registering shutdown blocker for XPIProvider
1559484765417	addons.manager	DEBUG	Provider finished startup: XPIProvider
1559484765417	addons.manager	DEBUG	Starting provider: LightweightThemeManager
1559484765417	addons.manager	DEBUG	Registering shutdown blocker for LightweightThemeManager
1559484765418	addons.manager	DEBUG	Provider finished startup: LightweightThemeManager
1559484765418	addons.manager	DEBUG	Starting provider: GMPProvider
1559484765437	addons.manager	DEBUG	Registering shutdown blocker for GMPProvider
1559484765438	addons.manager	DEBUG	Provider finished startup: GMPProvider
1559484765438	addons.manager	DEBUG	Starting provider: PluginProvider
1559484765438	addons.manager	DEBUG	Registering shutdown blocker for PluginProvider
1559484765438	addons.manager	DEBUG	Provider finished startup: PluginProvider
1559484765502	addons.manager	DEBUG	Completed startup sequence
1559484770255	addons.repository	DEBUG	No addons.json found.
1559484790807	addons.manager	DEBUG	Registering upgrade listener for formautofill@mozilla.org
1559484791846	addons.xpi	DEBUG	Ignoring file: name is not a valid add-on ID: /var/folders/zd/1jjypqsj545c4kqlxjgpvcqm0000gn/T/anonymous1681484531457380864webdriver-profile/extensions/webdriver-staging
1559484791847	addons.xpi	DEBUG	Existing add-on formautofill@mozilla.org in app-system-defaults
1559484791848	addons.xpi	DEBUG	Existing add-on fxmonitor@mozilla.org in app-system-defaults
1559484791848	addons.xpi	DEBUG	Existing add-on screenshots@mozilla.org in app-system-defaults
1559484791849	addons.xpi	DEBUG	Existing add-on webcompat-reporter@mozilla.org in app-system-defaults
1559484791849	addons.xpi	DEBUG	Existing add-on webcompat@mozilla.org in app-system-defaults
1559484791850	addons.xpi	DEBUG	scanForChanges changed: false, state: {}
JavaScript error: resource://gre/modules/addons/XPIProvider.jsm, line 2706: TypeError: addon is null
1559484797175	addons.xpi-utils	DEBUG	XPI Database saved, setting schema version preference to 31

Build info: version: '2.53.0', revision: '35ae25b', time: '2016-03-15 17:00:58'
System info: host: 'naveens-mbp-2', ip: '127.0.0.1', os.name: 'Mac OS X', os.arch: 'x86_64', os.version: '10.13.3', java.version: '1.8.0_91'
Driver info: driver.version: FirefoxDriver
	at org.openqa.selenium.firefox.internal.NewProfileExtensionConnection.start(NewProfileExtensionConnection.java:124)
	at org.openqa.selenium.firefox.FirefoxDriver.startClient(FirefoxDriver.java:271)
	at org.openqa.selenium.remote.RemoteWebDriver.<init>(RemoteWebDriver.java:119)
	at org.openqa.selenium.firefox.FirefoxDriver.<init>(FirefoxDriver.java:218)
	at org.openqa.selenium.firefox.FirefoxDriver.<init>(FirefoxDriver.java:211)
	at org.openqa.selenium.firefox.FirefoxDriver.<init>(FirefoxDriver.java:207)
	at org.openqa.selenium.firefox.FirefoxDriver.<init>(FirefoxDriver.java:120)
	at Inscale.Multi_Browser.openBrowser(Multi_Browser.java:28)
	at sun.reflect.NativeMethodAccessorImpl.invoke0(Native Method)
	at sun.reflect.NativeMethodAccessorImpl.invoke(NativeMethodAccessorImpl.java:62)
	at sun.reflect.DelegatingMethodAccessorImpl.invoke(DelegatingMethodAccessorImpl.java:43)
	at java.lang.reflect.Method.invoke(Method.java:498)
	at org.testng.internal.MethodInvocationHelper.invokeMethod(MethodInvocationHelper.java:85)
	at org.testng.internal.Invoker.invokeMethod(Invoker.java:639)
	at org.testng.internal.Invoker.invokeTestMethod(Invoker.java:816)
	at org.testng.internal.Invoker.invokeTestMethods(Invoker.java:1124)
	at org.testng.internal.TestMethodWorker.invokeTestMethods(TestMethodWorker.java:125)
	at org.testng.internal.TestMethodWorker.run(TestMethodWorker.java:108)
	at java.util.concurrent.ThreadPoolExecutor.runWorker(ThreadPoolExecutor.java:1142)
	at java.util.concurrent.ThreadPoolExecutor$Worker.run(ThreadPoolExecutor.java:617)
	at java.lang.Thread.run(Thread.java:745)
Caused by: org.openqa.selenium.firefox.NotConnectedException: Unable to connect to host 127.0.0.1 on port 7055 after 45000 ms. Firefox console output:
ader":null,"updateURL":null,"optionsURL":null,"optionsType":null,"optionsBrowserStyle":true,"aboutURL":null,"defaultLocale":{"name":"Web Compat","description":"Urgent post-release fixes for web compatibility.","creator":null,"developers":null,"translators":null,"contributors":null},"visible":true,"active":true,"userDisabled":false,"appDisabled":false,"installDate":1558048439000,"updateDate":1558048439000,"applyBackgroundUpdates":1,"path":"/Applications/Firefox.app/Contents/Resources/browser/features/webcompat@mozilla.org.xpi","skinnable":false,"sourceURI":null,"releaseNotesURI":null,"softDisabled":false,"foreignInstall":false,"strictCompatibility":true,"locales":[],"targetApplications":[{"id":"toolkit@mozilla.org","minVersion":"59.0b5","maxVersion":null}],"targetPlatforms":[],"seen":true,"dependencies":[],"incognito":"spanning","userPermissions":{"permissions":["webRequest","webRequestBlocking"],"origins":["<all_urls>"]},"icons":{},"iconURL":null,"blocklistState":0,"blocklistURL":null,"startupData":null,"hidden":true,"installTelemetryInfo":null,"rootURI":"jar:file:///Applications/Firefox.app/Contents/Resources/browser/features/webcompat@mozilla.org.xpi!/","location":"app-system-defaults"}
1559484765374	addons.xpi-utils	DEBUG	Updating add-on states
1559484765374	addons.xpi-utils	DEBUG	Error: Synchronously loading the add-ons database(resource://gre/modules/addons/XPIDatabase.jsm:1310:15) JS Stack trace: syncLoadDB@XPIDatabase.jsm:1310:15
startup@XPIProvider.jsm:2242:23
callProvider@AddonManager.jsm:204:31
_startProvider@AddonManager.jsm:655:5
startup@AddonManager.jsm:811:14
startup@AddonManager.jsm:2804:26
observe@addonManager.js:65:29
1559484765390	addons.xpi	DEBUG	Calling bootstrap method startup on formautofill@mozilla.org version 1.0
1559484765412	addons.xpi	DEBUG	Calling bootstrap method startup on fxmonitor@mozilla.org version 3.0
1559484765413	addons.xpi	DEBUG	Calling bootstrap method startup on screenshots@mozilla.org version 37.1.0
1559484765414	addons.xpi	DEBUG	Calling bootstrap method startup on webcompat@mozilla.org version 4.0.0
1559484765417	addons.manager	DEBUG	Registering shutdown blocker for XPIProvider
1559484765417	addons.manager	DEBUG	Provider finished startup: XPIProvider
1559484765417	addons.manager	DEBUG	Starting provider: LightweightThemeManager
1559484765417	addons.manager	DEBUG	Registering shutdown blocker for LightweightThemeManager
1559484765418	addons.manager	DEBUG	Provider finished startup: LightweightThemeManager
1559484765418	addons.manager	DEBUG	Starting provider: GMPProvider
1559484765437	addons.manager	DEBUG	Registering shutdown blocker for GMPProvider
1559484765438	addons.manager	DEBUG	Provider finished startup: GMPProvider
1559484765438	addons.manager	DEBUG	Starting provider: PluginProvider
1559484765438	addons.manager	DEBUG	Registering shutdown blocker for PluginProvider
1559484765438	addons.manager	DEBUG	Provider finished startup: PluginProvider
1559484765502	addons.manager	DEBUG	Completed startup sequence
1559484770255	addons.repository	DEBUG	No addons.json found.
1559484790807	addons.manager	DEBUG	Registering upgrade listener for formautofill@mozilla.org
1559484791846	addons.xpi	DEBUG	Ignoring file: name is not a valid add-on ID: /var/folders/zd/1jjypqsj545c4kqlxjgpvcqm0000gn/T/anonymous1681484531457380864webdriver-profile/extensions/webdriver-staging
1559484791847	addons.xpi	DEBUG	Existing add-on formautofill@mozilla.org in app-system-defaults
1559484791848	addons.xpi	DEBUG	Existing add-on fxmonitor@mozilla.org in app-system-defaults
1559484791848	addons.xpi	DEBUG	Existing add-on screenshots@mozilla.org in app-system-defaults
1559484791849	addons.xpi	DEBUG	Existing add-on webcompat-reporter@mozilla.org in app-system-defaults
1559484791849	addons.xpi	DEBUG	Existing add-on webcompat@mozilla.org in app-system-defaults
1559484791850	addons.xpi	DEBUG	scanForChanges changed: false, state: {}
JavaScript error: resource://gre/modules/addons/XPIProvider.jsm, line 2706: TypeError: addon is null
1559484797175	addons.xpi-utils	DEBUG	XPI Database saved, setting schema version preference to 31

	at org.openqa.selenium.firefox.internal.NewProfileExtensionConnection.start(NewProfileExtensionConnection.java:112)
	... 20 more
]]>
            </full-stacktrace>
          </exception> <!-- org.openqa.selenium.WebDriverException -->
          <reporter-output>
          </reporter-output>
        </test-method> <!-- openBrowser -->
      </class> <!-- Inscale.Multi_Browser -->
    </test> <!-- Firefox Test -->
    <test name="Chrome Test" duration-ms="128" started-at="2019-06-02T14:13:23Z" finished-at="2019-06-02T14:13:23Z">
      <class name="Inscale.Multi_Browser">
        <test-method status="FAIL" signature="openBrowser(java.lang.String)[pri:0, instance:Inscale.Multi_Browser@2ef5e5e3]" name="openBrowser" duration-ms="123" started-at="2019-06-02T22:13:23Z" finished-at="2019-06-02T22:13:23Z">
          <params>
            <param index="0">
              <value>
                <![CDATA[chrome]]>
              </value>
            </param>
          </params>
          <exception class="java.lang.IllegalStateException">
            <message>
              <![CDATA[The driver is not executable: /Users/naveen514/Documents/workspace/INSCLAE/browsers/chromedriver]]>
            </message>
            <full-stacktrace>
              <![CDATA[java.lang.IllegalStateException: The driver is not executable: /Users/naveen514/Documents/workspace/INSCLAE/browsers/chromedriver
	at com.google.common.base.Preconditions.checkState(Preconditions.java:199)
	at org.openqa.selenium.remote.service.DriverService.checkExecutable(DriverService.java:125)
	at org.openqa.selenium.remote.service.DriverService.findExecutable(DriverService.java:116)
	at org.openqa.selenium.chrome.ChromeDriverService.access$0(ChromeDriverService.java:1)
	at org.openqa.selenium.chrome.ChromeDriverService$Builder.findDefaultExecutable(ChromeDriverService.java:137)
	at org.openqa.selenium.remote.service.DriverService$Builder.build(DriverService.java:296)
	at org.openqa.selenium.chrome.ChromeDriverService.createDefaultService(ChromeDriverService.java:88)
	at org.openqa.selenium.chrome.ChromeDriver.<init>(ChromeDriver.java:116)
	at Inscale.Multi_Browser.openBrowser(Multi_Browser.java:33)
	at sun.reflect.NativeMethodAccessorImpl.invoke0(Native Method)
	at sun.reflect.NativeMethodAccessorImpl.invoke(NativeMethodAccessorImpl.java:62)
	at sun.reflect.DelegatingMethodAccessorImpl.invoke(DelegatingMethodAccessorImpl.java:43)
	at java.lang.reflect.Method.invoke(Method.java:498)
	at org.testng.internal.MethodInvocationHelper.invokeMethod(MethodInvocationHelper.java:85)
	at org.testng.internal.Invoker.invokeMethod(Invoker.java:639)
	at org.testng.internal.Invoker.invokeTestMethod(Invoker.java:816)
	at org.testng.internal.Invoker.invokeTestMethods(Invoker.java:1124)
	at org.testng.internal.TestMethodWorker.invokeTestMethods(TestMethodWorker.java:125)
	at org.testng.internal.TestMethodWorker.run(TestMethodWorker.java:108)
	at java.util.concurrent.ThreadPoolExecutor.runWorker(ThreadPoolExecutor.java:1142)
	at java.util.concurrent.ThreadPoolExecutor$Worker.run(ThreadPoolExecutor.java:617)
	at java.lang.Thread.run(Thread.java:745)
]]>
            </full-stacktrace>
          </exception> <!-- java.lang.IllegalStateException -->
          <reporter-output>
          </reporter-output>
        </test-method> <!-- openBrowser -->
      </class> <!-- Inscale.Multi_Browser -->
    </test> <!-- Chrome Test -->
    <test name="Safari Test" duration-ms="10953" started-at="2019-06-02T14:13:23Z" finished-at="2019-06-02T14:13:34Z">
      <class name="Inscale.Multi_Browser">
        <test-method status="FAIL" signature="openBrowser(java.lang.String)[pri:0, instance:Inscale.Multi_Browser@7f9a81e8]" name="openBrowser" duration-ms="10948" started-at="2019-06-02T22:13:23Z" finished-at="2019-06-02T22:13:34Z">
          <params>
            <param index="0">
              <value>
                <![CDATA[safari]]>
              </value>
            </param>
          </params>
          <exception class="org.openqa.selenium.remote.UnreachableBrowserException">
            <message>
              <![CDATA[Failed to connect to SafariDriver after 10426 ms
Build info: version: '2.53.0', revision: '35ae25b', time: '2016-03-15 17:00:58'
System info: host: 'naveens-mbp-2', ip: '127.0.0.1', os.name: 'Mac OS X', os.arch: 'x86_64', os.version: '10.13.3', java.version: '1.8.0_91'
Driver info: driver.version: SafariDriver]]>
            </message>
            <full-stacktrace>
              <![CDATA[org.openqa.selenium.remote.UnreachableBrowserException: Failed to connect to SafariDriver after 10426 ms
Build info: version: '2.53.0', revision: '35ae25b', time: '2016-03-15 17:00:58'
System info: host: 'naveens-mbp-2', ip: '127.0.0.1', os.name: 'Mac OS X', os.arch: 'x86_64', os.version: '10.13.3', java.version: '1.8.0_91'
Driver info: driver.version: SafariDriver
	at org.openqa.selenium.safari.SafariDriverCommandExecutor.start(SafariDriverCommandExecutor.java:121)
	at org.openqa.selenium.safari.SafariDriver.startClient(SafariDriver.java:76)
	at org.openqa.selenium.remote.RemoteWebDriver.<init>(RemoteWebDriver.java:119)
	at org.openqa.selenium.remote.RemoteWebDriver.<init>(RemoteWebDriver.java:144)
	at org.openqa.selenium.safari.SafariDriver.<init>(SafariDriver.java:62)
	at org.openqa.selenium.safari.SafariDriver.<init>(SafariDriver.java:42)
	at Inscale.Multi_Browser.openBrowser(Multi_Browser.java:47)
	at sun.reflect.NativeMethodAccessorImpl.invoke0(Native Method)
	at sun.reflect.NativeMethodAccessorImpl.invoke(NativeMethodAccessorImpl.java:62)
	at sun.reflect.DelegatingMethodAccessorImpl.invoke(DelegatingMethodAccessorImpl.java:43)
	at java.lang.reflect.Method.invoke(Method.java:498)
	at org.testng.internal.MethodInvocationHelper.invokeMethod(MethodInvocationHelper.java:85)
	at org.testng.internal.Invoker.invokeMethod(Invoker.java:639)
	at org.testng.internal.Invoker.invokeTestMethod(Invoker.java:816)
	at org.testng.internal.Invoker.invokeTestMethods(Invoker.java:1124)
	at org.testng.internal.TestMethodWorker.invokeTestMethods(TestMethodWorker.java:125)
	at org.testng.internal.TestMethodWorker.run(TestMethodWorker.java:108)
	at java.util.concurrent.ThreadPoolExecutor.runWorker(ThreadPoolExecutor.java:1142)
	at java.util.concurrent.ThreadPoolExecutor$Worker.run(ThreadPoolExecutor.java:617)
	at java.lang.Thread.run(Thread.java:745)
]]>
            </full-stacktrace>
          </exception> <!-- org.openqa.selenium.remote.UnreachableBrowserException -->
          <reporter-output>
          </reporter-output>
        </test-method> <!-- openBrowser -->
      </class> <!-- Inscale.Multi_Browser -->
    </test> <!-- Safari Test -->
    <test name="Opera Test" duration-ms="247" started-at="2019-06-02T14:13:34Z" finished-at="2019-06-02T14:13:34Z">
      <class name="Inscale.Multi_Browser">
        <test-method status="FAIL" signature="openBrowser(java.lang.String)[pri:0, instance:Inscale.Multi_Browser@7dc7cbad]" name="openBrowser" duration-ms="242" started-at="2019-06-02T22:13:34Z" finished-at="2019-06-02T22:13:34Z">
          <params>
            <param index="0">
              <value>
                <![CDATA[opera]]>
              </value>
            </param>
          </params>
          <exception class="java.lang.IllegalStateException">
            <message>
              <![CDATA[The driver executable does not exist: /Users/naveen514/Documents/workspace/INSCLAE/browsers/operedriver]]>
            </message>
            <full-stacktrace>
              <![CDATA[java.lang.IllegalStateException: The driver executable does not exist: /Users/naveen514/Documents/workspace/INSCLAE/browsers/operedriver
	at com.google.common.base.Preconditions.checkState(Preconditions.java:199)
	at org.openqa.selenium.remote.service.DriverService.checkExecutable(DriverService.java:121)
	at org.openqa.selenium.remote.service.DriverService.findExecutable(DriverService.java:116)
	at org.openqa.selenium.opera.OperaDriverService.access$0(OperaDriverService.java:1)
	at org.openqa.selenium.opera.OperaDriverService$Builder.findDefaultExecutable(OperaDriverService.java:118)
	at org.openqa.selenium.remote.service.DriverService$Builder.build(DriverService.java:296)
	at org.openqa.selenium.opera.OperaDriverService.createDefaultService(OperaDriverService.java:82)
	at org.openqa.selenium.opera.OperaDriver.<init>(OperaDriver.java:115)
	at Inscale.Multi_Browser.openBrowser(Multi_Browser.java:38)
	at sun.reflect.NativeMethodAccessorImpl.invoke0(Native Method)
	at sun.reflect.NativeMethodAccessorImpl.invoke(NativeMethodAccessorImpl.java:62)
	at sun.reflect.DelegatingMethodAccessorImpl.invoke(DelegatingMethodAccessorImpl.java:43)
	at java.lang.reflect.Method.invoke(Method.java:498)
	at org.testng.internal.MethodInvocationHelper.invokeMethod(MethodInvocationHelper.java:85)
	at org.testng.internal.Invoker.invokeMethod(Invoker.java:639)
	at org.testng.internal.Invoker.invokeTestMethod(Invoker.java:816)
	at org.testng.internal.Invoker.invokeTestMethods(Invoker.java:1124)
	at org.testng.internal.TestMethodWorker.invokeTestMethods(TestMethodWorker.java:125)
	at org.testng.internal.TestMethodWorker.run(TestMethodWorker.java:108)
	at java.util.concurrent.ThreadPoolExecutor.runWorker(ThreadPoolExecutor.java:1142)
	at java.util.concurrent.ThreadPoolExecutor$Worker.run(ThreadPoolExecutor.java:617)
	at java.lang.Thread.run(Thread.java:745)
]]>
            </full-stacktrace>
          </exception> <!-- java.lang.IllegalStateException -->
          <reporter-output>
          </reporter-output>
        </test-method> <!-- openBrowser -->
      </class> <!-- Inscale.Multi_Browser -->
    </test> <!-- Opera Test -->
    <test name="IE Test" duration-ms="18" started-at="2019-06-02T14:13:34Z" finished-at="2019-06-02T14:13:34Z">
      <class name="Inscale.Multi_Browser">
        <test-method status="FAIL" signature="openBrowser(java.lang.String)[pri:0, instance:Inscale.Multi_Browser@2a5ca609]" name="openBrowser" duration-ms="13" started-at="2019-06-02T22:13:34Z" finished-at="2019-06-02T22:13:34Z">
          <params>
            <param index="0">
              <value>
                <![CDATA[IE]]>
              </value>
            </param>
          </params>
          <exception class="java.lang.IllegalStateException">
            <message>
              <![CDATA[The path to the driver executable must be set by the webdriver.ie.driver system property; for more information, see https://github.com/SeleniumHQ/selenium/wiki/InternetExplorerDriver. The latest version can be downloaded from http://selenium-release.storage.googleapis.com/index.html]]>
            </message>
            <full-stacktrace>
              <![CDATA[java.lang.IllegalStateException: The path to the driver executable must be set by the webdriver.ie.driver system property; for more information, see https://github.com/SeleniumHQ/selenium/wiki/InternetExplorerDriver. The latest version can be downloaded from http://selenium-release.storage.googleapis.com/index.html
	at com.google.common.base.Preconditions.checkState(Preconditions.java:199)
	at org.openqa.selenium.remote.service.DriverService.findExecutable(DriverService.java:109)
	at org.openqa.selenium.ie.InternetExplorerDriverService.access$0(InternetExplorerDriverService.java:1)
	at org.openqa.selenium.ie.InternetExplorerDriverService$Builder.findDefaultExecutable(InternetExplorerDriverService.java:167)
	at org.openqa.selenium.remote.service.DriverService$Builder.build(DriverService.java:296)
	at org.openqa.selenium.ie.InternetExplorerDriver.setupService(InternetExplorerDriver.java:251)
	at org.openqa.selenium.ie.InternetExplorerDriver.<init>(InternetExplorerDriver.java:172)
	at org.openqa.selenium.ie.InternetExplorerDriver.<init>(InternetExplorerDriver.java:146)
	at Inscale.Multi_Browser.openBrowser(Multi_Browser.java:43)
	at sun.reflect.NativeMethodAccessorImpl.invoke0(Native Method)
	at sun.reflect.NativeMethodAccessorImpl.invoke(NativeMethodAccessorImpl.java:62)
	at sun.reflect.DelegatingMethodAccessorImpl.invoke(DelegatingMethodAccessorImpl.java:43)
	at java.lang.reflect.Method.invoke(Method.java:498)
	at org.testng.internal.MethodInvocationHelper.invokeMethod(MethodInvocationHelper.java:85)
	at org.testng.internal.Invoker.invokeMethod(Invoker.java:639)
	at org.testng.internal.Invoker.invokeTestMethod(Invoker.java:816)
	at org.testng.internal.Invoker.invokeTestMethods(Invoker.java:1124)
	at org.testng.internal.TestMethodWorker.invokeTestMethods(TestMethodWorker.java:125)
	at org.testng.internal.TestMethodWorker.run(TestMethodWorker.java:108)
	at java.util.concurrent.ThreadPoolExecutor.runWorker(ThreadPoolExecutor.java:1142)
	at java.util.concurrent.ThreadPoolExecutor$Worker.run(ThreadPoolExecutor.java:617)
	at java.lang.Thread.run(Thread.java:745)
]]>
            </full-stacktrace>
          </exception> <!-- java.lang.IllegalStateException -->
          <reporter-output>
          </reporter-output>
        </test-method> <!-- openBrowser -->
      </class> <!-- Inscale.Multi_Browser -->
    </test> <!-- IE Test -->
  </suite> <!-- Inscale_Browser -->
</testng-results>
