<?xml version="1.0" encoding="UTF-8"?>
<!-- Generated by org.testng.reporters.JUnitReportReporter -->
<testsuite hostname="naveens-mbp-2" name="Inscale.Multi_Browser" tests="6" failures="0" timestamp="2 Jun 2019 14:13:35 GMT" time="60.260" errors="6">
  <testcase name="openBrowser" time="0.000" classname="Inscale.Multi_Browser">
    <error type="org.testng.TestNGException" message="
Parameter &#039;browser&#039; is required by @Test on method openBrowser but has not been marked @Optional or defined
in /Users/naveen514/Documents/workspace/INSCLAE/Inscale.xml">
      <![CDATA[org.testng.TestNGException: 
Parameter 'browser' is required by @Test on method openBrowser but has not been marked @Optional or defined
in /Users/naveen514/Documents/workspace/INSCLAE/Inscale.xml
	at org.testng.internal.Parameters.createParameters(Parameters.java:154)
	at org.testng.internal.Parameters.createParameters(Parameters.java:361)
	at org.testng.internal.Parameters.handleParameters(Parameters.java:451)
	at org.testng.internal.Invoker.handleParameters(Invoker.java:1270)
	at org.testng.internal.Invoker.createParameters(Invoker.java:985)
	at org.testng.internal.Invoker.invokeTestMethods(Invoker.java:1075)
	at org.testng.internal.TestMethodWorker.invokeTestMethods(TestMethodWorker.java:125)
	at org.testng.internal.TestMethodWorker.run(TestMethodWorker.java:108)
	at java.util.concurrent.ThreadPoolExecutor.runWorker(ThreadPoolExecutor.java:1142)
	at java.util.concurrent.ThreadPoolExecutor$Worker.run(ThreadPoolExecutor.java:617)
	at java.lang.Thread.run(Thread.java:745)
]]>
    </error>
  </testcase> <!-- openBrowser -->
  <testcase name="openBrowser" time="0.123" classname="Inscale.Multi_Browser">
    <error type="java.lang.IllegalStateException" message="The driver is not executable: /Users/naveen514/Documents/workspace/INSCLAE/browsers/chromedriver">
      <![CDATA[java.lang.IllegalStateException: The driver is not executable: /Users/naveen514/Documents/workspace/INSCLAE/browsers/chromedriver
	at com.google.common.base.Preconditions.checkState(Preconditions.java:199)
	at org.openqa.selenium.remote.service.DriverService.checkExecutable(DriverService.java:125)
	at org.openqa.selenium.remote.service.DriverService.findExecutable(DriverService.java:116)
	at org.openqa.selenium.chrome.ChromeDriverService.access$0(ChromeDriverService.java:1)
	at org.openqa.selenium.chrome.ChromeDriverService$Builder.findDefaultExecutable(ChromeDriverService.java:137)
	at org.openqa.selenium.remote.service.DriverService$Builder.build(DriverService.java:296)
	at org.openqa.selenium.chrome.ChromeDriverService.createDefaultService(ChromeDriverService.java:88)
	at org.openqa.selenium.chrome.ChromeDriver.<init>(ChromeDriver.java:116)
	at Inscale.Multi_Browser.openBrowser(Multi_Browser.java:33)
	at sun.reflect.NativeMethodAccessorImpl.invoke0(Native Method)
	at sun.reflect.NativeMethodAccessorImpl.invoke(NativeMethodAccessorImpl.java:62)
	at sun.reflect.DelegatingMethodAccessorImpl.invoke(DelegatingMethodAccessorImpl.java:43)
	at java.lang.reflect.Method.invoke(Method.java:498)
	at org.testng.internal.MethodInvocationHelper.invokeMethod(MethodInvocationHelper.java:85)
	at org.testng.internal.Invoker.invokeMethod(Invoker.java:639)
	at org.testng.internal.Invoker.invokeTestMethod(Invoker.java:816)
	at org.testng.internal.Invoker.invokeTestMethods(Invoker.java:1124)
	at org.testng.internal.TestMethodWorker.invokeTestMethods(TestMethodWorker.java:125)
	at org.testng.internal.TestMethodWorker.run(TestMethodWorker.java:108)
	at java.util.concurrent.ThreadPoolExecutor.runWorker(ThreadPoolExecutor.java:1142)
	at java.util.concurrent.ThreadPoolExecutor$Worker.run(ThreadPoolExecutor.java:617)
	at java.lang.Thread.run(Thread.java:745)
]]>
    </error>
  </testcase> <!-- openBrowser -->
  <testcase name="openBrowser" time="10.948" classname="Inscale.Multi_Browser">
    <error type="org.openqa.selenium.remote.UnreachableBrowserException" message="Failed to connect to SafariDriver after 10426 ms
Build info: version: &#039;2.53.0&#039;, revision: &#039;35ae25b&#039;, time: &#039;2016-03-15 17:00:58&#039;
System info: host: &#039;naveens-mbp-2&#039;, ip: &#039;127.0.0.1&#039;, os.name: &#039;Mac OS X&#039;, os.arch: &#039;x86_64&#039;, os.version: &#039;10.13.3&#039;, java.version: &#039;1.8.0_91&#039;
Driver info: driver.version: SafariDriver">
      <![CDATA[org.openqa.selenium.remote.UnreachableBrowserException: Failed to connect to SafariDriver after 10426 ms
Build info: version: '2.53.0', revision: '35ae25b', time: '2016-03-15 17:00:58'
System info: host: 'naveens-mbp-2', ip: '127.0.0.1', os.name: 'Mac OS X', os.arch: 'x86_64', os.version: '10.13.3', java.version: '1.8.0_91'
Driver info: driver.version: SafariDriver
	at org.openqa.selenium.safari.SafariDriverCommandExecutor.start(SafariDriverCommandExecutor.java:121)
	at org.openqa.selenium.safari.SafariDriver.startClient(SafariDriver.java:76)
	at org.openqa.selenium.remote.RemoteWebDriver.<init>(RemoteWebDriver.java:119)
	at org.openqa.selenium.remote.RemoteWebDriver.<init>(RemoteWebDriver.java:144)
	at org.openqa.selenium.safari.SafariDriver.<init>(SafariDriver.java:62)
	at org.openqa.selenium.safari.SafariDriver.<init>(SafariDriver.java:42)
	at Inscale.Multi_Browser.openBrowser(Multi_Browser.java:47)
	at sun.reflect.NativeMethodAccessorImpl.invoke0(Native Method)
	at sun.reflect.NativeMethodAccessorImpl.invoke(NativeMethodAccessorImpl.java:62)
	at sun.reflect.DelegatingMethodAccessorImpl.invoke(DelegatingMethodAccessorImpl.java:43)
	at java.lang.reflect.Method.invoke(Method.java:498)
	at org.testng.internal.MethodInvocationHelper.invokeMethod(MethodInvocationHelper.java:85)
	at org.testng.internal.Invoker.invokeMethod(Invoker.java:639)
	at org.testng.internal.Invoker.invokeTestMethod(Invoker.java:816)
	at org.testng.internal.Invoker.invokeTestMethods(Invoker.java:1124)
	at org.testng.internal.TestMethodWorker.invokeTestMethods(TestMethodWorker.java:125)
	at org.testng.internal.TestMethodWorker.run(TestMethodWorker.java:108)
	at java.util.concurrent.ThreadPoolExecutor.runWorker(ThreadPoolExecutor.java:1142)
	at java.util.concurrent.ThreadPoolExecutor$Worker.run(ThreadPoolExecutor.java:617)
	at java.lang.Thread.run(Thread.java:745)
]]>
    </error>
  </testcase> <!-- openBrowser -->
  <testcase name="openBrowser" time="0.013" classname="Inscale.Multi_Browser">
    <error type="java.lang.IllegalStateException" message="The path to the driver executable must be set by the webdriver.ie.driver system property; for more information, see https://github.com/SeleniumHQ/selenium/wiki/InternetExplorerDriver. The latest version can be downloaded from http://selenium-release.storage.googleapis.com/index.html">
      <![CDATA[java.lang.IllegalStateException: The path to the driver executable must be set by the webdriver.ie.driver system property; for more information, see https://github.com/SeleniumHQ/selenium/wiki/InternetExplorerDriver. The latest version can be downloaded from http://selenium-release.storage.googleapis.com/index.html
	at com.google.common.base.Preconditions.checkState(Preconditions.java:199)
	at org.openqa.selenium.remote.service.DriverService.findExecutable(DriverService.java:109)
	at org.openqa.selenium.ie.InternetExplorerDriverService.access$0(InternetExplorerDriverService.java:1)
	at org.openqa.selenium.ie.InternetExplorerDriverService$Builder.findDefaultExecutable(InternetExplorerDriverService.java:167)
	at org.openqa.selenium.remote.service.DriverService$Builder.build(DriverService.java:296)
	at org.openqa.selenium.ie.InternetExplorerDriver.setupService(InternetExplorerDriver.java:251)
	at org.openqa.selenium.ie.InternetExplorerDriver.<init>(InternetExplorerDriver.java:172)
	at org.openqa.selenium.ie.InternetExplorerDriver.<init>(InternetExplorerDriver.java:146)
	at Inscale.Multi_Browser.openBrowser(Multi_Browser.java:43)
	at sun.reflect.NativeMethodAccessorImpl.invoke0(Native Method)
	at sun.reflect.NativeMethodAccessorImpl.invoke(NativeMethodAccessorImpl.java:62)
	at sun.reflect.DelegatingMethodAccessorImpl.invoke(DelegatingMethodAccessorImpl.java:43)
	at java.lang.reflect.Method.invoke(Method.java:498)
	at org.testng.internal.MethodInvocationHelper.invokeMethod(MethodInvocationHelper.java:85)
	at org.testng.internal.Invoker.invokeMethod(Invoker.java:639)
	at org.testng.internal.Invoker.invokeTestMethod(Invoker.java:816)
	at org.testng.internal.Invoker.invokeTestMethods(Invoker.java:1124)
	at org.testng.internal.TestMethodWorker.invokeTestMethods(TestMethodWorker.java:125)
	at org.testng.internal.TestMethodWorker.run(TestMethodWorker.java:108)
	at java.util.concurrent.ThreadPoolExecutor.runWorker(ThreadPoolExecutor.java:1142)
	at java.util.concurrent.ThreadPoolExecutor$Worker.run(ThreadPoolExecutor.java:617)
	at java.lang.Thread.run(Thread.java:745)
]]>
    </error>
  </testcase> <!-- openBrowser -->
  <testcase name="openBrowser" time="0.242" classname="Inscale.Multi_Browser">
    <error type="java.lang.IllegalStateException" message="The driver executable does not exist: /Users/naveen514/Documents/workspace/INSCLAE/browsers/operedriver">
      <![CDATA[java.lang.IllegalStateException: The driver executable does not exist: /Users/naveen514/Documents/workspace/INSCLAE/browsers/operedriver
	at com.google.common.base.Preconditions.checkState(Preconditions.java:199)
	at org.openqa.selenium.remote.service.DriverService.checkExecutable(DriverService.java:121)
	at org.openqa.selenium.remote.service.DriverService.findExecutable(DriverService.java:116)
	at org.openqa.selenium.opera.OperaDriverService.access$0(OperaDriverService.java:1)
	at org.openqa.selenium.opera.OperaDriverService$Builder.findDefaultExecutable(OperaDriverService.java:118)
	at org.openqa.selenium.remote.service.DriverService$Builder.build(DriverService.java:296)
	at org.openqa.selenium.opera.OperaDriverService.createDefaultService(OperaDriverService.java:82)
	at org.openqa.selenium.opera.OperaDriver.<init>(OperaDriver.java:115)
	at Inscale.Multi_Browser.openBrowser(Multi_Browser.java:38)
	at sun.reflect.NativeMethodAccessorImpl.invoke0(Native Method)
	at sun.reflect.NativeMethodAccessorImpl.invoke(NativeMethodAccessorImpl.java:62)
	at sun.reflect.DelegatingMethodAccessorImpl.invoke(DelegatingMethodAccessorImpl.java:43)
	at java.lang.reflect.Method.invoke(Method.java:498)
	at org.testng.internal.MethodInvocationHelper.invokeMethod(MethodInvocationHelper.java:85)
	at org.testng.internal.Invoker.invokeMethod(Invoker.java:639)
	at org.testng.internal.Invoker.invokeTestMethod(Invoker.java:816)
	at org.testng.internal.Invoker.invokeTestMethods(Invoker.java:1124)
	at org.testng.internal.TestMethodWorker.invokeTestMethods(TestMethodWorker.java:125)
	at org.testng.internal.TestMethodWorker.run(TestMethodWorker.java:108)
	at java.util.concurrent.ThreadPoolExecutor.runWorker(ThreadPoolExecutor.java:1142)
	at java.util.concurrent.ThreadPoolExecutor$Worker.run(ThreadPoolExecutor.java:617)
	at java.lang.Thread.run(Thread.java:745)
]]>
    </error>
  </testcase> <!-- openBrowser -->
  <testcase name="openBrowser" time="48.934" classname="Inscale.Multi_Browser">
    <error type="org.openqa.selenium.WebDriverException" message="Failed to connect to binary FirefoxBinary(/Applications/Firefox.app/Contents/MacOS/firefox-bin) on port 7055; process output follows: 
ader&quot;:null,&quot;updateURL&quot;:null,&quot;optionsURL&quot;:null,&quot;optionsType&quot;:null,&quot;optionsBrowserStyle&quot;:true,&quot;aboutURL&quot;:null,&quot;defaultLocale&quot;:{&quot;name&quot;:&quot;Web Compat&quot;,&quot;description&quot;:&quot;Urgent post-release fixes for web compatibility.&quot;,&quot;creator&quot;:null,&quot;developers&quot;:null,&quot;translators&quot;:null,&quot;contributors&quot;:null},&quot;visible&quot;:true,&quot;active&quot;:true,&quot;userDisabled&quot;:false,&quot;appDisabled&quot;:false,&quot;installDate&quot;:1558048439000,&quot;updateDate&quot;:1558048439000,&quot;applyBackgroundUpdates&quot;:1,&quot;path&quot;:&quot;/Applications/Firefox.app/Contents/Resources/browser/features/webcompat@mozilla.org.xpi&quot;,&quot;skinnable&quot;:false,&quot;sourceURI&quot;:null,&quot;releaseNotesURI&quot;:null,&quot;softDisabled&quot;:false,&quot;foreignInstall&quot;:false,&quot;strictCompatibility&quot;:true,&quot;locales&quot;:[],&quot;targetApplications&quot;:[{&quot;id&quot;:&quot;toolkit@mozilla.org&quot;,&quot;minVersion&quot;:&quot;59.0b5&quot;,&quot;maxVersion&quot;:null}],&quot;targetPlatforms&quot;:[],&quot;seen&quot;:true,&quot;dependencies&quot;:[],&quot;incognito&quot;:&quot;spanning&quot;,&quot;userPermissions&quot;:{&quot;permissions&quot;:[&quot;webRequest&quot;,&quot;webRequestBlocking&quot;],&quot;origins&quot;:[&quot;&lt;all_urls&gt;&quot;]},&quot;icons&quot;:{},&quot;iconURL&quot;:null,&quot;blocklistState&quot;:0,&quot;blocklistURL&quot;:null,&quot;startupData&quot;:null,&quot;hidden&quot;:true,&quot;installTelemetryInfo&quot;:null,&quot;rootURI&quot;:&quot;jar:file:///Applications/Firefox.app/Contents/Resources/browser/features/webcompat@mozilla.org.xpi!/&quot;,&quot;location&quot;:&quot;app-system-defaults&quot;}
1559484765374	addons.xpi-utils	DEBUG	Updating add-on states
1559484765374	addons.xpi-utils	DEBUG	Error: Synchronously loading the add-ons database(resource://gre/modules/addons/XPIDatabase.jsm:1310:15) JS Stack trace: syncLoadDB@XPIDatabase.jsm:1310:15
startup@XPIProvider.jsm:2242:23
callProvider@AddonManager.jsm:204:31
_startProvider@AddonManager.jsm:655:5
startup@AddonManager.jsm:811:14
startup@AddonManager.jsm:2804:26
observe@addonManager.js:65:29
1559484765390	addons.xpi	DEBUG	Calling bootstrap method startup on formautofill@mozilla.org version 1.0
1559484765412	addons.xpi	DEBUG	Calling bootstrap method startup on fxmonitor@mozilla.org version 3.0
1559484765413	addons.xpi	DEBUG	Calling bootstrap method startup on screenshots@mozilla.org version 37.1.0
1559484765414	addons.xpi	DEBUG	Calling bootstrap method startup on webcompat@mozilla.org version 4.0.0
1559484765417	addons.manager	DEBUG	Registering shutdown blocker for XPIProvider
1559484765417	addons.manager	DEBUG	Provider finished startup: XPIProvider
1559484765417	addons.manager	DEBUG	Starting provider: LightweightThemeManager
1559484765417	addons.manager	DEBUG	Registering shutdown blocker for LightweightThemeManager
1559484765418	addons.manager	DEBUG	Provider finished startup: LightweightThemeManager
1559484765418	addons.manager	DEBUG	Starting provider: GMPProvider
1559484765437	addons.manager	DEBUG	Registering shutdown blocker for GMPProvider
1559484765438	addons.manager	DEBUG	Provider finished startup: GMPProvider
1559484765438	addons.manager	DEBUG	Starting provider: PluginProvider
1559484765438	addons.manager	DEBUG	Registering shutdown blocker for PluginProvider
1559484765438	addons.manager	DEBUG	Provider finished startup: PluginProvider
1559484765502	addons.manager	DEBUG	Completed startup sequence
1559484770255	addons.repository	DEBUG	No addons.json found.
1559484790807	addons.manager	DEBUG	Registering upgrade listener for formautofill@mozilla.org
1559484791846	addons.xpi	DEBUG	Ignoring file: name is not a valid add-on ID: /var/folders/zd/1jjypqsj545c4kqlxjgpvcqm0000gn/T/anonymous1681484531457380864webdriver-profile/extensions/webdriver-staging
1559484791847	addons.xpi	DEBUG	Existing add-on formautofill@mozilla.org in app-system-defaults
1559484791848	addons.xpi	DEBUG	Existing add-on fxmonitor@mozilla.org in app-system-defaults
1559484791848	addons.xpi	DEBUG	Existing add-on screenshots@mozilla.org in app-system-defaults
1559484791849	addons.xpi	DEBUG	Existing add-on webcompat-reporter@mozilla.org in app-system-defaults
1559484791849	addons.xpi	DEBUG	Existing add-on webcompat@mozilla.org in app-system-defaults
1559484791850	addons.xpi	DEBUG	scanForChanges changed: false, state: {}
JavaScript error: resource://gre/modules/addons/XPIProvider.jsm, line 2706: TypeError: addon is null
1559484797175	addons.xpi-utils	DEBUG	XPI Database saved, setting schema version preference to 31

Build info: version: &#039;2.53.0&#039;, revision: &#039;35ae25b&#039;, time: &#039;2016-03-15 17:00:58&#039;
System info: host: &#039;naveens-mbp-2&#039;, ip: &#039;127.0.0.1&#039;, os.name: &#039;Mac OS X&#039;, os.arch: &#039;x86_64&#039;, os.version: &#039;10.13.3&#039;, java.version: &#039;1.8.0_91&#039;
Driver info: driver.version: FirefoxDriver">
      <![CDATA[org.openqa.selenium.WebDriverException: Failed to connect to binary FirefoxBinary(/Applications/Firefox.app/Contents/MacOS/firefox-bin) on port 7055; process output follows: 
ader":null,"updateURL":null,"optionsURL":null,"optionsType":null,"optionsBrowserStyle":true,"aboutURL":null,"defaultLocale":{"name":"Web Compat","description":"Urgent post-release fixes for web compatibility.","creator":null,"developers":null,"translators":null,"contributors":null},"visible":true,"active":true,"userDisabled":false,"appDisabled":false,"installDate":1558048439000,"updateDate":1558048439000,"applyBackgroundUpdates":1,"path":"/Applications/Firefox.app/Contents/Resources/browser/features/webcompat@mozilla.org.xpi","skinnable":false,"sourceURI":null,"releaseNotesURI":null,"softDisabled":false,"foreignInstall":false,"strictCompatibility":true,"locales":[],"targetApplications":[{"id":"toolkit@mozilla.org","minVersion":"59.0b5","maxVersion":null}],"targetPlatforms":[],"seen":true,"dependencies":[],"incognito":"spanning","userPermissions":{"permissions":["webRequest","webRequestBlocking"],"origins":["<all_urls>"]},"icons":{},"iconURL":null,"blocklistState":0,"blocklistURL":null,"startupData":null,"hidden":true,"installTelemetryInfo":null,"rootURI":"jar:file:///Applications/Firefox.app/Contents/Resources/browser/features/webcompat@mozilla.org.xpi!/","location":"app-system-defaults"}
1559484765374	addons.xpi-utils	DEBUG	Updating add-on states
1559484765374	addons.xpi-utils	DEBUG	Error: Synchronously loading the add-ons database(resource://gre/modules/addons/XPIDatabase.jsm:1310:15) JS Stack trace: syncLoadDB@XPIDatabase.jsm:1310:15
startup@XPIProvider.jsm:2242:23
callProvider@AddonManager.jsm:204:31
_startProvider@AddonManager.jsm:655:5
startup@AddonManager.jsm:811:14
startup@AddonManager.jsm:2804:26
observe@addonManager.js:65:29
1559484765390	addons.xpi	DEBUG	Calling bootstrap method startup on formautofill@mozilla.org version 1.0
1559484765412	addons.xpi	DEBUG	Calling bootstrap method startup on fxmonitor@mozilla.org version 3.0
1559484765413	addons.xpi	DEBUG	Calling bootstrap method startup on screenshots@mozilla.org version 37.1.0
1559484765414	addons.xpi	DEBUG	Calling bootstrap method startup on webcompat@mozilla.org version 4.0.0
1559484765417	addons.manager	DEBUG	Registering shutdown blocker for XPIProvider
1559484765417	addons.manager	DEBUG	Provider finished startup: XPIProvider
1559484765417	addons.manager	DEBUG	Starting provider: LightweightThemeManager
1559484765417	addons.manager	DEBUG	Registering shutdown blocker for LightweightThemeManager
1559484765418	addons.manager	DEBUG	Provider finished startup: LightweightThemeManager
1559484765418	addons.manager	DEBUG	Starting provider: GMPProvider
1559484765437	addons.manager	DEBUG	Registering shutdown blocker for GMPProvider
1559484765438	addons.manager	DEBUG	Provider finished startup: GMPProvider
1559484765438	addons.manager	DEBUG	Starting provider: PluginProvider
1559484765438	addons.manager	DEBUG	Registering shutdown blocker for PluginProvider
1559484765438	addons.manager	DEBUG	Provider finished startup: PluginProvider
1559484765502	addons.manager	DEBUG	Completed startup sequence
1559484770255	addons.repository	DEBUG	No addons.json found.
1559484790807	addons.manager	DEBUG	Registering upgrade listener for formautofill@mozilla.org
1559484791846	addons.xpi	DEBUG	Ignoring file: name is not a valid add-on ID: /var/folders/zd/1jjypqsj545c4kqlxjgpvcqm0000gn/T/anonymous1681484531457380864webdriver-profile/extensions/webdriver-staging
1559484791847	addons.xpi	DEBUG	Existing add-on formautofill@mozilla.org in app-system-defaults
1559484791848	addons.xpi	DEBUG	Existing add-on fxmonitor@mozilla.org in app-system-defaults
1559484791848	addons.xpi	DEBUG	Existing add-on screenshots@mozilla.org in app-system-defaults
1559484791849	addons.xpi	DEBUG	Existing add-on webcompat-reporter@mozilla.org in app-system-defaults
1559484791849	addons.xpi	DEBUG	Existing add-on webcompat@mozilla.org in app-system-defaults
1559484791850	addons.xpi	DEBUG	scanForChanges changed: false, state: {}
JavaScript error: resource://gre/modules/addons/XPIProvider.jsm, line 2706: TypeError: addon is null
1559484797175	addons.xpi-utils	DEBUG	XPI Database saved, setting schema version preference to 31

Build info: version: '2.53.0', revision: '35ae25b', time: '2016-03-15 17:00:58'
System info: host: 'naveens-mbp-2', ip: '127.0.0.1', os.name: 'Mac OS X', os.arch: 'x86_64', os.version: '10.13.3', java.version: '1.8.0_91'
Driver info: driver.version: FirefoxDriver
	at org.openqa.selenium.firefox.internal.NewProfileExtensionConnection.start(NewProfileExtensionConnection.java:124)
	at org.openqa.selenium.firefox.FirefoxDriver.startClient(FirefoxDriver.java:271)
	at org.openqa.selenium.remote.RemoteWebDriver.<init>(RemoteWebDriver.java:119)
	at org.openqa.selenium.firefox.FirefoxDriver.<init>(FirefoxDriver.java:218)
	at org.openqa.selenium.firefox.FirefoxDriver.<init>(FirefoxDriver.java:211)
	at org.openqa.selenium.firefox.FirefoxDriver.<init>(FirefoxDriver.java:207)
	at org.openqa.selenium.firefox.FirefoxDriver.<init>(FirefoxDriver.java:120)
	at Inscale.Multi_Browser.openBrowser(Multi_Browser.java:28)
	at sun.reflect.NativeMethodAccessorImpl.invoke0(Native Method)
	at sun.reflect.NativeMethodAccessorImpl.invoke(NativeMethodAccessorImpl.java:62)
	at sun.reflect.DelegatingMethodAccessorImpl.invoke(DelegatingMethodAccessorImpl.java:43)
	at java.lang.reflect.Method.invoke(Method.java:498)
	at org.testng.internal.MethodInvocationHelper.invokeMethod(MethodInvocationHelper.java:85)
	at org.testng.internal.Invoker.invokeMethod(Invoker.java:639)
	at org.testng.internal.Invoker.invokeTestMethod(Invoker.java:816)
	at org.testng.internal.Invoker.invokeTestMethods(Invoker.java:1124)
	at org.testng.internal.TestMethodWorker.invokeTestMethods(TestMethodWorker.java:125)
	at org.testng.internal.TestMethodWorker.run(TestMethodWorker.java:108)
	at java.util.concurrent.ThreadPoolExecutor.runWorker(ThreadPoolExecutor.java:1142)
	at java.util.concurrent.ThreadPoolExecutor$Worker.run(ThreadPoolExecutor.java:617)
	at java.lang.Thread.run(Thread.java:745)
Caused by: org.openqa.selenium.firefox.NotConnectedException: Unable to connect to host 127.0.0.1 on port 7055 after 45000 ms. Firefox console output:
ader":null,"updateURL":null,"optionsURL":null,"optionsType":null,"optionsBrowserStyle":true,"aboutURL":null,"defaultLocale":{"name":"Web Compat","description":"Urgent post-release fixes for web compatibility.","creator":null,"developers":null,"translators":null,"contributors":null},"visible":true,"active":true,"userDisabled":false,"appDisabled":false,"installDate":1558048439000,"updateDate":1558048439000,"applyBackgroundUpdates":1,"path":"/Applications/Firefox.app/Contents/Resources/browser/features/webcompat@mozilla.org.xpi","skinnable":false,"sourceURI":null,"releaseNotesURI":null,"softDisabled":false,"foreignInstall":false,"strictCompatibility":true,"locales":[],"targetApplications":[{"id":"toolkit@mozilla.org","minVersion":"59.0b5","maxVersion":null}],"targetPlatforms":[],"seen":true,"dependencies":[],"incognito":"spanning","userPermissions":{"permissions":["webRequest","webRequestBlocking"],"origins":["<all_urls>"]},"icons":{},"iconURL":null,"blocklistState":0,"blocklistURL":null,"startupData":null,"hidden":true,"installTelemetryInfo":null,"rootURI":"jar:file:///Applications/Firefox.app/Contents/Resources/browser/features/webcompat@mozilla.org.xpi!/","location":"app-system-defaults"}
1559484765374	addons.xpi-utils	DEBUG	Updating add-on states
1559484765374	addons.xpi-utils	DEBUG	Error: Synchronously loading the add-ons database(resource://gre/modules/addons/XPIDatabase.jsm:1310:15) JS Stack trace: syncLoadDB@XPIDatabase.jsm:1310:15
startup@XPIProvider.jsm:2242:23
callProvider@AddonManager.jsm:204:31
_startProvider@AddonManager.jsm:655:5
startup@AddonManager.jsm:811:14
startup@AddonManager.jsm:2804:26
observe@addonManager.js:65:29
1559484765390	addons.xpi	DEBUG	Calling bootstrap method startup on formautofill@mozilla.org version 1.0
1559484765412	addons.xpi	DEBUG	Calling bootstrap method startup on fxmonitor@mozilla.org version 3.0
1559484765413	addons.xpi	DEBUG	Calling bootstrap method startup on screenshots@mozilla.org version 37.1.0
1559484765414	addons.xpi	DEBUG	Calling bootstrap method startup on webcompat@mozilla.org version 4.0.0
1559484765417	addons.manager	DEBUG	Registering shutdown blocker for XPIProvider
1559484765417	addons.manager	DEBUG	Provider finished startup: XPIProvider
1559484765417	addons.manager	DEBUG	Starting provider: LightweightThemeManager
1559484765417	addons.manager	DEBUG	Registering shutdown blocker for LightweightThemeManager
1559484765418	addons.manager	DEBUG	Provider finished startup: LightweightThemeManager
1559484765418	addons.manager	DEBUG	Starting provider: GMPProvider
1559484765437	addons.manager	DEBUG	Registering shutdown blocker for GMPProvider
1559484765438	addons.manager	DEBUG	Provider finished startup: GMPProvider
1559484765438	addons.manager	DEBUG	Starting provider: PluginProvider
1559484765438	addons.manager	DEBUG	Registering shutdown blocker for PluginProvider
1559484765438	addons.manager	DEBUG	Provider finished startup: PluginProvider
1559484765502	addons.manager	DEBUG	Completed startup sequence
1559484770255	addons.repository	DEBUG	No addons.json found.
1559484790807	addons.manager	DEBUG	Registering upgrade listener for formautofill@mozilla.org
1559484791846	addons.xpi	DEBUG	Ignoring file: name is not a valid add-on ID: /var/folders/zd/1jjypqsj545c4kqlxjgpvcqm0000gn/T/anonymous1681484531457380864webdriver-profile/extensions/webdriver-staging
1559484791847	addons.xpi	DEBUG	Existing add-on formautofill@mozilla.org in app-system-defaults
1559484791848	addons.xpi	DEBUG	Existing add-on fxmonitor@mozilla.org in app-system-defaults
1559484791848	addons.xpi	DEBUG	Existing add-on screenshots@mozilla.org in app-system-defaults
1559484791849	addons.xpi	DEBUG	Existing add-on webcompat-reporter@mozilla.org in app-system-defaults
1559484791849	addons.xpi	DEBUG	Existing add-on webcompat@mozilla.org in app-system-defaults
1559484791850	addons.xpi	DEBUG	scanForChanges changed: false, state: {}
JavaScript error: resource://gre/modules/addons/XPIProvider.jsm, line 2706: TypeError: addon is null
1559484797175	addons.xpi-utils	DEBUG	XPI Database saved, setting schema version preference to 31

	at org.openqa.selenium.firefox.internal.NewProfileExtensionConnection.start(NewProfileExtensionConnection.java:112)
	... 20 more
]]>
    </error>
  </testcase> <!-- openBrowser -->
</testsuite> <!-- Inscale.Multi_Browser -->
